# JRE version: Java(TM) SE Runtime Environment (8.0_74-b02) (build 1.8.0_74-b02)
# Java VM: Java HotSpot(TM) 64-Bit Server VM (25.74-b02 mixed mode windows-amd64 compressed oops)
Heap:
 PSYoungGen      total 236544K, used 84317K [0x00000000d5b00000, 0x00000000ecc80000, 0x0000000100000000)
  eden space 176128K, 13% used [0x00000000d5b00000,0x00000000d725a708,0x00000000e0700000)
  from space 60416K, 99% used [0x00000000e0700000,0x00000000e41fd0b8,0x00000000e4200000)
  to   space 81408K, 0% used [0x00000000e7d00000,0x00000000e7d00000,0x00000000ecc80000)
 ParOldGen       total 204800K, used 133912K [0x0000000081000000, 0x000000008d800000, 0x00000000d5b00000)
  object space 204800K, 65% used [0x0000000081000000,0x00000000892c6298,0x000000008d800000)
 Metaspace       used 17492K, capacity 17672K, committed 17792K, reserved 1064960K
  class space    used 1609K, capacity 1660K, committed 1664K, reserved 1048576K
GC Heap History (10 events):
Event: 1.789 GC heap before
{Heap before GC invocations=7 (full 1):
 PSYoungGen      total 71680K, used 69387K [0x00000000d5b00000, 0x00000000dfd00000, 0x0000000100000000)
  eden space 66560K, 96% used [0x00000000d5b00000,0x00000000d99c77f0,0x00000000d9c00000)
  from space 5120K, 99% used [0x00000000d9c00000,0x00000000da0fb7d0,0x00000000da100000)
  to   space 24576K, 0% used [0x00000000de500000,0x00000000de500000,0x00000000dfd00000)
 ParOldGen       total 110592K, used 56164K [0x0000000081000000, 0x0000000087c00000, 0x00000000d5b00000)
  object space 110592K, 50% used [0x0000000081000000,0x00000000846d9250,0x0000000087c00000)
 Metaspace       used 15722K, capacity 15864K, committed 16128K, reserved 1064960K
  class space    used 1466K, capacity 1528K, committed 1536K, reserved 1048576K
Event: 1.794 GC heap after
Heap after GC invocations=7 (full 1):
 PSYoungGen      total 135680K, used 24070K [0x00000000d5b00000, 0x00000000e0800000, 0x0000000100000000)
  eden space 111104K, 0% used [0x00000000d5b00000,0x00000000d5b00000,0x00000000dc780000)
  from space 24576K, 97% used [0x00000000de500000,0x00000000dfc81bd0,0x00000000dfd00000)
  to   space 30208K, 0% used [0x00000000dc780000,0x00000000dc780000,0x00000000de500000)
 ParOldGen       total 110592K, used 57922K [0x0000000081000000, 0x0000000087c00000, 0x00000000d5b00000)
  object space 110592K, 52% used [0x0000000081000000,0x00000000848909a0,0x0000000087c00000)
 Metaspace       used 15722K, capacity 15864K, committed 16128K, reserved 1064960K
  class space    used 1466K, capacity 1528K, committed 1536K, reserved 1048576K
}
Event: 2.004 GC heap before
{Heap before GC invocations=8 (full 1):
 PSYoungGen      total 135680K, used 134941K [0x00000000d5b00000, 0x00000000e0800000, 0x0000000100000000)
  eden space 111104K, 99% used [0x00000000d5b00000,0x00000000dc745850,0x00000000dc780000)
  from space 24576K, 97% used [0x00000000de500000,0x00000000dfc81bd0,0x00000000dfd00000)
  to   space 30208K, 0% used [0x00000000dc780000,0x00000000dc780000,0x00000000de500000)
 ParOldGen       total 110592K, used 57922K [0x0000000081000000, 0x0000000087c00000, 0x00000000d5b00000)
  object space 110592K, 52% used [0x0000000081000000,0x00000000848909a0,0x0000000087c00000)
 Metaspace       used 15730K, capacity 15864K, committed 16128K, reserved 1064960K
  class space    used 1466K, capacity 1528K, committed 1536K, reserved 1048576K
Event: 2.013 GC heap after
Heap after GC invocations=8 (full 1):
 PSYoungGen      total 141312K, used 30205K [0x00000000d5b00000, 0x00000000e7f80000, 0x0000000100000000)
  eden space 111104K, 0% used [0x00000000d5b00000,0x00000000d5b00000,0x00000000dc780000)
  from space 30208K, 99% used [0x00000000dc780000,0x00000000de4ff750,0x00000000de500000)
  to   space 51712K, 0% used [0x00000000e4d00000,0x00000000e4d00000,0x00000000e7f80000)
 ParOldGen       total 110592K, used 87961K [0x0000000081000000, 0x0000000087c00000, 0x00000000d5b00000)
  object space 110592K, 79% used [0x0000000081000000,0x00000000865e6440,0x0000000087c00000)
 Metaspace       used 15730K, capacity 15864K, committed 16128K, reserved 1064960K
  class space    used 1466K, capacity 1528K, committed 1536K, reserved 1048576K
}
Event: 2.013 GC heap before
{Heap before GC invocations=9 (full 2):
 PSYoungGen      total 141312K, used 30205K [0x00000000d5b00000, 0x00000000e7f80000, 0x0000000100000000)
  eden space 111104K, 0% used [0x00000000d5b00000,0x00000000d5b00000,0x00000000dc780000)
  from space 30208K, 99% used [0x00000000dc780000,0x00000000de4ff750,0x00000000de500000)
  to   space 51712K, 0% used [0x00000000e4d00000,0x00000000e4d00000,0x00000000e7f80000)
 ParOldGen       total 110592K, used 87961K [0x0000000081000000, 0x0000000087c00000, 0x00000000d5b00000)
  object space 110592K, 79% used [0x0000000081000000,0x00000000865e6440,0x0000000087c00000)
 Metaspace       used 15730K, capacity 15864K, committed 16128K, reserved 1064960K
  class space    used 1466K, capacity 1528K, committed 1536K, reserved 1048576K
Event: 2.041 GC heap after
Heap after GC invocations=9 (full 2):
 PSYoungGen      total 141312K, used 6052K [0x00000000d5b00000, 0x00000000e7f80000, 0x0000000100000000)
  eden space 111104K, 0% used [0x00000000d5b00000,0x00000000d5b00000,0x00000000dc780000)
  from space 30208K, 20% used [0x00000000dc780000,0x00000000dcd69258,0x00000000de500000)
  to   space 51712K, 0% used [0x00000000e4d00000,0x00000000e4d00000,0x00000000e7f80000)
 ParOldGen       total 204800K, used 108842K [0x0000000081000000, 0x000000008d800000, 0x00000000d5b00000)
  object space 204800K, 53% used [0x0000000081000000,0x0000000087a4aa70,0x000000008d800000)
 Metaspace       used 15730K, capacity 15864K, committed 16128K, reserved 1064960K
  class space    used 1466K, capacity 1528K, committed 1536K, reserved 1048576K
}
Event: 2.281 GC heap before
{Heap before GC invocations=10 (full 2):
 PSYoungGen      total 141312K, used 116704K [0x00000000d5b00000, 0x00000000e7f80000, 0x0000000100000000)
  eden space 111104K, 99% used [0x00000000d5b00000,0x00000000dc70f130,0x00000000dc780000)
  from space 30208K, 20% used [0x00000000dc780000,0x00000000dcd69258,0x00000000de500000)
  to   space 51712K, 0% used [0x00000000e4d00000,0x00000000e4d00000,0x00000000e7f80000)
 ParOldGen       total 204800K, used 108842K [0x0000000081000000, 0x000000008d800000, 0x00000000d5b00000)
  object space 204800K, 53% used [0x0000000081000000,0x0000000087a4aa70,0x000000008d800000)
 Metaspace       used 16396K, capacity 16568K, committed 16768K, reserved 1064960K
  class space    used 1527K, capacity 1592K, committed 1664K, reserved 1048576K
Event: 2.290 GC heap after
Heap after GC invocations=10 (full 2):
 PSYoungGen      total 217600K, used 48952K [0x00000000d5b00000, 0x00000000e7d00000, 0x0000000100000000)
  eden space 168448K, 0% used [0x00000000d5b00000,0x00000000d5b00000,0x00000000dff80000)
  from space 49152K, 99% used [0x00000000e4d00000,0x00000000e7cce060,0x00000000e7d00000)
  to   space 60416K, 0% used [0x00000000e0700000,0x00000000e0700000,0x00000000e4200000)
 ParOldGen       total 204800K, used 108850K [0x0000000081000000, 0x000000008d800000, 0x00000000d5b00000)
  object space 204800K, 53% used [0x0000000081000000,0x0000000087a4ca70,0x000000008d800000)
 Metaspace       used 16396K, capacity 16568K, committed 16768K, reserved 1064960K
  class space    used 1527K, capacity 1592K, committed 1664K, reserved 1048576K
}
Event: 3.953 GC heap before
{Heap before GC invocations=11 (full 2):
 PSYoungGen      total 217600K, used 217400K [0x00000000d5b00000, 0x00000000e7d00000, 0x0000000100000000)
  eden space 168448K, 100% used [0x00000000d5b00000,0x00000000dff80000,0x00000000dff80000)
  from space 49152K, 99% used [0x00000000e4d00000,0x00000000e7cce060,0x00000000e7d00000)
  to   space 60416K, 0% used [0x00000000e0700000,0x00000000e0700000,0x00000000e4200000)
 ParOldGen       total 204800K, used 108850K [0x0000000081000000, 0x000000008d800000, 0x00000000d5b00000)
  object space 204800K, 53% used [0x0000000081000000,0x0000000087a4ca70,0x000000008d800000)
 Metaspace       used 17450K, capacity 17608K, committed 17792K, reserved 1064960K
  class space    used 1609K, capacity 1660K, committed 1664K, reserved 1048576K
Event: 3.968 GC heap after
Heap after GC invocations=11 (full 2):
 PSYoungGen      total 236544K, used 60404K [0x00000000d5b00000, 0x00000000ecc80000, 0x0000000100000000)
  eden space 176128K, 0% used [0x00000000d5b00000,0x00000000d5b00000,0x00000000e0700000)
  from space 60416K, 99% used [0x00000000e0700000,0x00000000e41fd0b8,0x00000000e4200000)
  to   space 81408K, 0% used [0x00000000e7d00000,0x00000000e7d00000,0x00000000ecc80000)
 ParOldGen       total 204800K, used 133912K [0x0000000081000000, 0x000000008d800000, 0x00000000d5b00000)
  object space 204800K, 65% used [0x0000000081000000,0x00000000892c6298,0x000000008d800000)
 Metaspace       used 17450K, capacity 17608K, committed 17792K, reserved 1064960K
  class space    used 1609K, capacity 1660K, committed 1664K, reserved 1048576K
}

